<?xml version="1.0" encoding="UTF-8"?>
<!-- Generated by org.testng.reporters.JUnitReportReporter -->
<testsuite hostname="DESKTOP-8KSI4B1" failures="0" tests="1" name="com.sevenmartsupermarket.tests.LoginTest" time="17.698" errors="0" timestamp="2024-05-17T15:44:39 IST" skipped="0">
  <testcase classname="com.sevenmartsupermarket.tests.LoginTest" name="logout" time="17.698"/>
  <system-out/>
</testsuite> <!-- com.sevenmartsupermarket.tests.LoginTest -->
