<?xml version="1.0" encoding="UTF-8"?>
<!-- Generated by org.testng.reporters.JUnitReportReporter -->
<testsuite hostname="DESKTOP-8KSI4B1" failures="0" tests="2" name="com.sevenmartsupermarket.tests.AdminUserTest" time="9.336" errors="0" timestamp="2024-05-17T18:30:24 IST" skipped="0">
  <testcase classname="com.sevenmartsupermarket.tests.AdminUserTest" name="searchUser" time="4.690"/>
  <system-out/>
  <testcase classname="com.sevenmartsupermarket.tests.AdminUserTest" name="searchUser" time="4.646"/>
  <system-out/>
</testsuite> <!-- com.sevenmartsupermarket.tests.AdminUserTest -->
