<?xml version="1.0" encoding="UTF-8"?>
<!-- Generated by org.testng.reporters.JUnitReportReporter -->
<testsuite hostname="DESKTOP-8KSI4B1" failures="0" tests="1" name="com.sevenmartsupermarket.tests.LoginTest1" time="2.822" errors="0" timestamp="2024-05-15T17:31:47 IST" skipped="0">
  <testcase classname="com.sevenmartsupermarket.tests.LoginTest1" name="verifyUserLogin" time="2.822"/>
  <system-out/>
</testsuite> <!-- com.sevenmartsupermarket.tests.LoginTest1 -->
